<?xml version="1.0" encoding="UTF-8"?>
<!-- Generated by org.testng.reporters.JUnitReportReporter -->
<testsuite hostname="Home" name="demo.DifferentAnnotations" tests="2" failures="0" timestamp="23 Jul 2016 13:48:52 GMT" time="0.062" errors="0">
  <testcase name="testCase1" time="0.007" classname="demo.DifferentAnnotations"/>
  <testcase name="testCase2" time="0.055" classname="demo.DifferentAnnotations"/>
</testsuite> <!-- demo.DifferentAnnotations -->
