<?xml version="1.0" encoding="UTF-8"?>
<!-- Generated by org.testng.reporters.JUnitReportReporter -->
<testsuite hostname="Home" name="demo.TakeScreenGrab" tests="1" failures="0" timestamp="24 Jul 2016 13:30:04 GMT" time="37.534" errors="0">
  <testcase name="grabScreen" time="37.534" classname="demo.TakeScreenGrab"/>
</testsuite> <!-- demo.TakeScreenGrab -->
