<?xml version="1.0" encoding="UTF-8"?>
<!-- Generated by org.testng.reporters.JUnitReportReporter -->
<testsuite hostname="Home" name="crossBrowserTesting.CBT" tests="3" failures="0" timestamp="23 Jul 2016 14:29:05 GMT" time="2.045" errors="0">
  <testcase name="verifyTitle" time="0.258" classname="crossBrowserTesting.CBT"/>
  <testcase name="verifyTitle" time="1.752" classname="crossBrowserTesting.CBT"/>
  <testcase name="verifyTitle" time="0.035" classname="crossBrowserTesting.CBT"/>
</testsuite> <!-- crossBrowserTesting.CBT -->
