<?xml version="1.0" encoding="UTF-8"?>
<!-- Generated by org.testng.reporters.JUnitReportReporter -->
<testsuite hostname="Home" name="crossBrowserTesting.DifferentBrowser" tests="1" failures="0" timestamp="23 Jul 2016 14:09:04 GMT" time="18.440" errors="0">
  <testcase name="openDifferentBrowser" time="18.440" classname="crossBrowserTesting.DifferentBrowser"/>
</testsuite> <!-- crossBrowserTesting.DifferentBrowser -->
