<?xml version="1.0" encoding="UTF-8"?>
<!-- Generated by org.testng.reporters.JUnitReportReporter -->
<testsuite hostname="Home" name="demo.VerifyTitle" tests="1" failures="0" timestamp="23 Jul 2016 13:21:42 GMT" time="1.635" errors="0">
  <testcase name="verifyTitle" time="1.635" classname="demo.VerifyTitle"/>
</testsuite> <!-- demo.VerifyTitle -->
